23:18:16] RAPTURE: Enabled logging for RENDER to file logs/render.log
[23:18:16] RAPTURE: Enabled logging for PHYSICS to file logs/physics.log
[23:18:16] RAPTURE: Logger initialized with advanced features
[23:18:16] RAPTURE: Creating window...
[23:18:16] RAPTURE: ========== Initializing GLFW Window Context ==========
[23:18:16] RAPTURE: ========== GLFW Window Context Initialized Successfully. ==========
[23:18:16] RAPTURE: Creating Vulkan context...
[23:18:16] RAPTURE: Detected Wayland session - using Wayland surface support
[23:18:16] RAPTURE: Validation layers enabled!
[23:18:16] RAPTURE: ========== Supported Vulkan extensions: ==========
[23:18:16] RAPTURE: 	 Extension: VK_KHR_device_group_creation
[23:18:16] RAPTURE: 	 Extension: VK_KHR_display
[23:18:16] RAPTURE: 	 Extension: VK_KHR_external_fence_capabilities
[23:18:16] RAPTURE: 	 Extension: VK_KHR_external_memory_capabilities
[23:18:16] RAPTURE: 	 Extension: VK_KHR_external_semaphore_capabilities
[23:18:16] RAPTURE: 	 Extension: VK_KHR_get_display_properties2
[23:18:16] RAPTURE: 	 Extension: VK_KHR_get_physical_device_properties2
[23:18:16] RAPTURE: 	 Extension: VK_KHR_get_surface_capabilities2
[23:18:16] RAPTURE: 	 Extension: VK_KHR_surface
[23:18:16] RAPTURE: 	 Extension: VK_KHR_surface_protected_capabilities
[23:18:16] RAPTURE: 	 Extension: VK_KHR_wayland_surface
[23:18:16] RAPTURE: 	 Extension: VK_KHR_xcb_surface
[23:18:16] RAPTURE: 	 Extension: VK_KHR_xlib_surface
[23:18:16] RAPTURE: 	 Extension: VK_EXT_acquire_drm_display
[23:18:16] RAPTURE: 	 Extension: VK_EXT_acquire_xlib_display
[23:18:16] RAPTURE: 	 Extension: VK_EXT_debug_report
[23:18:16] RAPTURE: 	 Extension: VK_EXT_debug_utils
[23:18:16] RAPTURE: 	 Extension: VK_EXT_direct_mode_display
[23:18:16] RAPTURE: 	 Extension: VK_EXT_display_surface_counter
[23:18:16] RAPTURE: 	 Extension: VK_EXT_surface_maintenance1
[23:18:16] RAPTURE: 	 Extension: VK_EXT_swapchain_colorspace
[23:18:16] RAPTURE: 	 Extension: VK_NV_display_stereo
[23:18:16] RAPTURE: 	 Extension: VK_KHR_portability_enumeration
[23:18:16] RAPTURE: 	 Extension: VK_LUNARG_direct_driver_loading
[23:18:16] RAPTURE: Wayland surface extension is supported!
[23:18:16] RAPTURE: ========================================================

[23:18:16] RAPTURE: Creating Vulkan instance with API version: 1.3.0
[23:18:16] RAPTURE: Requesting Wayland surface extension for Wayland session
[23:18:16] RAPTURE: Vulkan instance created successfully!
[23:18:16] RAPTURE: Creating Wayland surface...
[23:18:16] RAPTURE: Wayland surface created successfully!
[23:18:16] RAPTURE: Evaluating GPU: NVIDIA GeForce RTX 4070
[23:18:16] RAPTURE: GPU NVIDIA GeForce RTX 4070: All required queue families found
[23:18:16] RAPTURE: GPU NVIDIA GeForce RTX 4070: All required device extensions supported
[23:18:16] RAPTURE: GPU NVIDIA GeForce RTX 4070: Swap chain support adequate (7 formats, 4 present modes)
[23:18:16] RAPTURE: GPU NVIDIA GeForce RTX 4070: Device is SUITABLE for use
[23:18:16] RAPTURE: Core::geometryShader is supported and enabled.
[23:18:16] RAPTURE: Feature EXT::vertexInputDynamicState is supported and will be enabled.
[23:18:16] RAPTURE: Feature EXT::vertexAttributeRobustness is supported and will be enabled.
[23:18:16] RAPTURE: Feature KHR::dynamicRendering is supported and will be enabled.
[23:18:16] RAPTURE: Feature KHR::robustness2::nullDescriptor is supported and will be enabled.
[23:18:16] RAPTURE: Feature KHR::multiview is supported and will be enabled.
[23:18:16] RAPTURE: Ray tracing is supported and will be enabled.
[23:18:16] RAPTURE: Successfully loaded vkCmdSetVertexInputEXT function pointer.
[23:18:16] RAPTURE: Successfully loaded dynamic rendering function pointers.
[23:18:16] RAPTURE: Successfully loaded multi-draw function pointers.
[23:18:16] RAPTURE: Successfully loaded all ray tracing function pointers.
[23:18:16] RAPTURE: Ray tracing properties queried successfully.
[23:18:16] RAPTURE:   Max ray recursion depth: 31
[23:18:16] RAPTURE:   Shader group handle size: 32
[23:18:16] RAPTURE: Compute queue created using family index: 0
[23:18:16] RAPTURE: Logical device created successfully!
[23:18:16] RAPTURE: Starting VMA allocator creation...
[23:18:16] RAPTURE: Checking Vulkan handles...
[23:18:16] RAPTURE: All Vulkan handles valid
[23:18:16] RAPTURE: Creating VMA allocator create info...
[23:18:16] RAPTURE: Calling vmaCreateAllocator...
[23:18:16] RAPTURE: Successfully created VMA allocator
[23:18:16] RAPTURE: Transitioned depth texture to DEPTH_STENCIL_ATTACHMENT_OPTIMAL layout
[23:18:16] RAPTURE: Created depth texture: 480x540
[23:18:16] RAPTURE: BufferPoolManager: Initialized with VMA allocator
[23:18:16] RAPTURE: Tracy Profiler initialized
[23:18:16] RAPTURE: Creating Project: New Project
[23:18:16] RAPTURE: SceneManager::setActiveScene - Setting active scene to: DefaultScene
[23:18:16] RAPTURE: AssetImporter: Asset loading thread started
[23:18:16] RAPTURE: AssetImporter: Asset loading thread started
[23:18:16] RAPTURE: AssetImporter: Asset loading thread started
[23:18:16] RAPTURE: Initializing DescriptorManager
[23:18:16] RAPTURE: AssetImporter: Asset loading thread started
[23:18:16] RAPTURE: Created descriptor pool with 1000 max sets
[23:18:16] RAPTURE: DescriptorSet: Resource usage for set 0 - Buffers: 196, Textures: 0, StorageBuffers: 2048, StorageImages: 0, InputAttachments: 0, AccelStructs: 0
[23:18:16] RAPTURE: DescriptorSet: Successfully allocated resources for set 0 - Pool usage: Sets 1/1000, Buffers 196/20000, Textures 0/16000, StorageBuffers 2048/8000, StorageImages 0/8000, AccelStructs 0/128
[23:18:16] RAPTURE: DescriptorManager Initialized set 0
[23:18:16] RAPTURE: DescriptorSet: Resource usage for set 1 - Buffers: 1024, Textures: 0, StorageBuffers: 0, StorageImages: 0, InputAttachments: 0, AccelStructs: 0
[23:18:16] RAPTURE: DescriptorSet: Successfully allocated resources for set 1 - Pool usage: Sets 2/1000, Buffers 1220/20000, Textures 0/16000, StorageBuffers 2048/8000, StorageImages 0/8000, AccelStructs 0/128
[23:18:16] RAPTURE: DescriptorManager Initialized set 1
[23:18:16] RAPTURE: DescriptorSet: Resource usage for set 2 - Buffers: 16384, Textures: 0, StorageBuffers: 0, StorageImages: 0, InputAttachments: 0, AccelStructs: 0
[23:18:16] RAPTURE: DescriptorSet: Successfully allocated resources for set 2 - Pool usage: Sets 3/1000, Buffers 17604/20000, Textures 0/16000, StorageBuffers 2048/8000, StorageImages 0/8000, AccelStructs 0/128
[23:18:16] RAPTURE: DescriptorManager Initialized set 2
[23:18:16] RAPTURE: DescriptorSet: Resource usage for set 3 - Buffers: 0, Textures: 4096, StorageBuffers: 3072, StorageImages: 0, InputAttachments: 0, AccelStructs: 8
[23:18:16] RAPTURE: DescriptorSet: Successfully allocated resources for set 3 - Pool usage: Sets 4/1000, Buffers 17604/20000, Textures 4096/16000, StorageBuffers 5120/8000, StorageImages 0/8000, AccelStructs 8/128
[23:18:16] RAPTURE: DescriptorManager Initialized set 3
[23:18:16] RAPTURE: AssetImporter::getRelatedShaderPath - Could not find related geometry shader for base path: /home/Thomas/dev/RaptureVK/Engine/assets/shaders/SPIRV/default.vs.spv
[23:18:16] RAPTURE: Push Constant Reflection Data:
[23:18:16] RAPTURE: Found 1 push constant block(s):
[23:18:16] RAPTURE: Push Constant Block:
[23:18:16] RAPTURE: 	 Name: pushConstants
[23:18:16] RAPTURE: 	 Offset: 0 bytes
[23:18:16] RAPTURE: 	 Size: 64 bytes
[23:18:16] RAPTURE: 	 Stages: VERTEX
[23:18:16] RAPTURE: Testing SPIRV-Reflect functionality:
[23:18:16] RAPTURE: Found 2 descriptor set(s):
[23:18:16] RAPTURE: Descriptor Set 0:
[23:18:16] RAPTURE: 	 Binding 0:
[23:18:16] RAPTURE: 		 Name: ubo
[23:18:16] RAPTURE: 		 Type: UNIFORM_BUFFER
[23:18:16] RAPTURE: 		 Count: 1
[23:18:16] RAPTURE: 		 Stages: VERTEX
[23:18:16] RAPTURE: Descriptor Set 1:
[23:18:16] RAPTURE: 	 Binding 0:
[23:18:16] RAPTURE: 		 Name: material
[23:18:16] RAPTURE: 		 Type: UNIFORM_BUFFER
[23:18:16] RAPTURE: 		 Count: 1
[23:18:16] RAPTURE: 		 Stages: FRAGMENT
[23:18:16] RAPTURE: AssetImporter::getRelatedShaderPath - Could not find related geometry shader for base path: /home/Thomas/dev/RaptureVK/Engine/assets/shaders/SPIRV/GBuffer.vs.spv
[23:18:16] RAPTURE: Push Constant Reflection Data:
[23:18:16] RAPTURE: Found 1 push constant block(s):
[23:18:16] RAPTURE: Push Constant Block:
[23:18:16] RAPTURE: 	 Name: pc
[23:18:16] RAPTURE: 	 Offset: 0 bytes
[23:18:16] RAPTURE: 	 Size: 8 bytes
[23:18:16] RAPTURE: 	 Stages: VERTEX | FRAGMENT
[23:18:16] RAPTURE: Testing SPIRV-Reflect functionality:
[23:18:16] RAPTURE: Found 4 descriptor set(s):
[23:18:16] RAPTURE: Descriptor Set 0:
[23:18:16] RAPTURE: 	 Binding 0:
[23:18:16] RAPTURE: 		 Name: u_camera
[23:18:16] RAPTURE: 		 Type: UNIFORM_BUFFER
[23:18:16] RAPTURE: 		 Count: 0
[23:18:16] RAPTURE: 		 Stages: VERTEX
[23:18:16] RAPTURE: 	 Binding 6:
[23:18:16] RAPTURE: 		 Name: u_batchInfo
[23:18:16] RAPTURE: 		 Type: STORAGE_BUFFER
[23:18:16] RAPTURE: 		 Count: 0
[23:18:16] RAPTURE: 		 Stages: VERTEX
[23:18:16] RAPTURE: Descriptor Set 1:
[23:18:16] RAPTURE: 	 Binding 0:
[23:18:16] RAPTURE: 		 Name: u_materials
[23:18:16] RAPTURE: 		 Type: UNIFORM_BUFFER
[23:18:16] RAPTURE: 		 Count: 0
[23:18:16] RAPTURE: 		 Stages: FRAGMENT
[23:18:16] RAPTURE: Descriptor Set 2:
[23:18:16] RAPTURE: 	 Binding 0:
[23:18:16] RAPTURE: 		 Name: u_meshes
[23:18:16] RAPTURE: 		 Type: UNIFORM_BUFFER
[23:18:16] RAPTURE: 		 Count: 0
[23:18:16] RAPTURE: 		 Stages: VERTEX
[23:18:16] RAPTURE: Descriptor Set 3:
[23:18:16] RAPTURE: 	 Binding 0:
[23:18:16] RAPTURE: 		 Name: u_textures
[23:18:16] RAPTURE: 		 Type: COMBINED_IMAGE_SAMPLER
[23:18:16] RAPTURE: 		 Count: 0
[23:18:16] RAPTURE: 		 Stages: FRAGMENT
[23:18:16] RAPTURE: Created offscreen SceneRenderTarget: 480x540 with 3 images
[23:18:16] RAPTURE: Created OFFSCREEN render target for Editor mode
[23:18:16] RAPTURE: Created default white cubemap texture (1x1x6 RGBA8)
[23:18:17] RAPTURE: ShaderCompiler: Compiled shader: /home/Thomas/dev/RaptureVK/Engine/assets/shaders/glsl/ddgi/ProbeTrace.cs.glsl
	 using macros: []
[23:18:17] RAPTURE: Compute Shader Push Constant Reflection Data:
[23:18:17] RAPTURE: Found 1 push constant block(s):
[23:18:17] RAPTURE: Push Constant Block:
[23:18:17] RAPTURE: 	 Name:
[23:18:17] RAPTURE: 	 Offset: 0 bytes
[23:18:17] RAPTURE: 	 Size: 48 bytes
[23:18:17] RAPTURE: 	 Stages: COMPUTE
[23:18:17] RAPTURE: Testing SPIRV-Reflect functionality for compute shader:
[23:18:17] RAPTURE: Found 3 descriptor set(s):
[23:18:17] RAPTURE: Descriptor Set 0:
[23:18:17] RAPTURE: 	 Binding 1:
[23:18:17] RAPTURE: 		 Name: u_sunProperties
[23:18:17] RAPTURE: 		 Type: UNIFORM_BUFFER
[23:18:17] RAPTURE: 		 Count: 0
[23:18:17] RAPTURE: 		 Stages: COMPUTE
[23:18:17] RAPTURE: 	 Binding 5:
[23:18:17] RAPTURE: 		 Name:
[23:18:17] RAPTURE: 		 Type: UNIFORM_BUFFER
[23:18:17] RAPTURE: 		 Count: 1
[23:18:17] RAPTURE: 		 Stages: COMPUTE
[23:18:17] RAPTURE: Descriptor Set 3:
[23:18:17] RAPTURE: 	 Binding 0:
[23:18:17] RAPTURE: 		 Name: gTextures
[23:18:17] RAPTURE: 		 Type: COMBINED_IMAGE_SAMPLER
[23:18:17] RAPTURE: 		 Count: 0
[23:18:17] RAPTURE: 		 Stages: COMPUTE
[23:18:17] RAPTURE: 	 Binding 1:
[23:18:17] RAPTURE: 		 Name: gBuffers
[23:18:17] RAPTURE: 		 Type: STORAGE_BUFFER
[23:18:17] RAPTURE: 		 Count: 0
[23:18:17] RAPTURE: 		 Stages: COMPUTE
[23:18:17] RAPTURE: 	 Binding 2:
[23:18:17] RAPTURE: 		 Name: topLevelAS
[23:18:17] RAPTURE: 		 Type: ACCELERATION_STRUCTURE_KHR
[23:18:17] RAPTURE: 		 Count: 0
[23:18:17] RAPTURE: 		 Stages: COMPUTE
[23:18:17] RAPTURE: 	 Binding 9:
[23:18:17] RAPTURE: 		 Name: u_sceneInfo
[23:18:17] RAPTURE: 		 Type: STORAGE_BUFFER
[23:18:17] RAPTURE: 		 Count: 1
[23:18:17] RAPTURE: 		 Stages: COMPUTE
[23:18:17] RAPTURE: Descriptor Set 4:
[23:18:17] RAPTURE: 	 Binding 0:
[23:18:17] RAPTURE: 		 Name: RayData
[23:18:17] RAPTURE: 		 Type: STORAGE_IMAGE
[23:18:17] RAPTURE: 		 Count: 1
[23:18:17] RAPTURE: 		 Stages: COMPUTE
[23:18:17] RAPTURE: ShaderCompiler: Compiled shader: /home/Thomas/dev/RaptureVK/Engine/assets/shaders/glsl/ddgi/ProbeBlending.cs.glsl
	 using macros: [DDGI_BLEND_RADIANCE]
[23:18:17] RAPTURE: Compute Shader Push Constant Reflection Data:
[23:18:17] RAPTURE: Found 1 push constant block(s):
[23:18:17] RAPTURE: Push Constant Block:
[23:18:17] RAPTURE: 	 Name: pc
[23:18:17] RAPTURE: 	 Offset: 0 bytes
[23:18:17] RAPTURE: 	 Size: 12 bytes
[23:18:17] RAPTURE: 	 Stages: COMPUTE
[23:18:17] RAPTURE: Testing SPIRV-Reflect functionality for compute shader:
[23:18:17] RAPTURE: Found 3 descriptor set(s):
[23:18:17] RAPTURE: Descriptor Set 0:
[23:18:17] RAPTURE: 	 Binding 5:
[23:18:17] RAPTURE: 		 Name:
[23:18:17] RAPTURE: 		 Type: UNIFORM_BUFFER
[23:18:17] RAPTURE: 		 Count: 1
[23:18:17] RAPTURE: 		 Stages: COMPUTE
[23:18:17] RAPTURE: Descriptor Set 3:
[23:18:17] RAPTURE: 	 Binding 0:
[23:18:17] RAPTURE: 		 Name: RayData
[23:18:17] RAPTURE: 		 Type: COMBINED_IMAGE_SAMPLER
[23:18:17] RAPTURE: 		 Count: 0
[23:18:17] RAPTURE: 		 Stages: COMPUTE
[23:18:17] RAPTURE: Descriptor Set 4:
[23:18:17] RAPTURE: 	 Binding 1:
[23:18:17] RAPTURE: 		 Name: ProbeIrradianceAtlas
[23:18:17] RAPTURE: 		 Type: STORAGE_IMAGE
[23:18:17] RAPTURE: 		 Count: 1
[23:18:17] RAPTURE: 		 Stages: COMPUTE
[23:18:17] RAPTURE: 	 Binding 2:
[23:18:17] RAPTURE: 		 Name: ProbeIrradianceAtlasAlt
[23:18:17] RAPTURE: 		 Type: STORAGE_IMAGE
[23:18:17] RAPTURE: 		 Count: 1
[23:18:17] RAPTURE: 		 Stages: COMPUTE
[23:18:17] RAPTURE: ShaderCompiler: Compiled shader: /home/Thomas/dev/RaptureVK/Engine/assets/shaders/glsl/ddgi/ProbeBlending.cs.glsl
	 using macros: [DDGI_BLEND_DISTANCE]
[23:18:17] RAPTURE: Compute Shader Push Constant Reflection Data:
[23:18:17] RAPTURE: Found 1 push constant block(s):
[23:18:17] RAPTURE: Push Constant Block:
[23:18:17] RAPTURE: 	 Name: pc
[23:18:17] RAPTURE: 	 Offset: 0 bytes
[23:18:17] RAPTURE: 	 Size: 12 bytes
[23:18:17] RAPTURE: 	 Stages: COMPUTE
[23:18:17] RAPTURE: Testing SPIRV-Reflect functionality for compute shader:
[23:18:17] RAPTURE: Found 3 descriptor set(s):
[23:18:17] RAPTURE: Descriptor Set 0:
[23:18:17] RAPTURE: 	 Binding 5:
[23:18:17] RAPTURE: 		 Name:
[23:18:17] RAPTURE: 		 Type: UNIFORM_BUFFER
[23:18:17] RAPTURE: 		 Count: 1
[23:18:17] RAPTURE: 		 Stages: COMPUTE
[23:18:17] RAPTURE: Descriptor Set 3:
[23:18:17] RAPTURE: 	 Binding 0:
[23:18:17] RAPTURE: 		 Name: RayData
[23:18:17] RAPTURE: 		 Type: COMBINED_IMAGE_SAMPLER
[23:18:17] RAPTURE: 		 Count: 0
[23:18:17] RAPTURE: 		 Stages: COMPUTE
[23:18:17] RAPTURE: Descriptor Set 4:
[23:18:17] RAPTURE: 	 Binding 3:
[23:18:17] RAPTURE: 		 Name: ProbeDistanceAtlas
[23:18:17] RAPTURE: 		 Type: STORAGE_IMAGE
[23:18:17] RAPTURE: 		 Count: 1
[23:18:17] RAPTURE: 		 Stages: COMPUTE
[23:18:17] RAPTURE: 	 Binding 4:
[23:18:17] RAPTURE: 		 Name: ProbeDistanceAtlasAlt
[23:18:17] RAPTURE: 		 Type: STORAGE_IMAGE
[23:18:17] RAPTURE: 		 Count: 1
[23:18:17] RAPTURE: 		 Stages: COMPUTE
[23:18:17] RAPTURE: ShaderCompiler: Compiled shader: /home/Thomas/dev/RaptureVK/Engine/assets/shaders/glsl/ddgi/ProbeRelocation.cs.glsl
	 using macros: []
[23:18:17] RAPTURE: Compute Shader Push Constant Reflection Data:
[23:18:17] RAPTURE: Found 1 push constant block(s):
[23:18:17] RAPTURE: Push Constant Block:
[23:18:17] RAPTURE: 	 Name: pc
[23:18:17] RAPTURE: 	 Offset: 0 bytes
[23:18:17] RAPTURE: 	 Size: 4 bytes
[23:18:17] RAPTURE: 	 Stages: COMPUTE
[23:18:17] RAPTURE: Testing SPIRV-Reflect functionality for compute shader:
[23:18:17] RAPTURE: Found 3 descriptor set(s):
[23:18:17] RAPTURE: Descriptor Set 0:
[23:18:17] RAPTURE: 	 Binding 5:
[23:18:17] RAPTURE: 		 Name:
[23:18:17] RAPTURE: 		 Type: UNIFORM_BUFFER
[23:18:17] RAPTURE: 		 Count: 1
[23:18:17] RAPTURE: 		 Stages: COMPUTE
[23:18:17] RAPTURE: Descriptor Set 3:
[23:18:17] RAPTURE: 	 Binding 0:
[23:18:17] RAPTURE: 		 Name: RayData
[23:18:17] RAPTURE: 		 Type: COMBINED_IMAGE_SAMPLER
[23:18:17] RAPTURE: 		 Count: 0
[23:18:17] RAPTURE: 		 Stages: COMPUTE
[23:18:17] RAPTURE: Descriptor Set 4:
[23:18:17] RAPTURE: 	 Binding 6:
[23:18:17] RAPTURE: 		 Name: ProbeOffsets
[23:18:17] RAPTURE: 		 Type: STORAGE_IMAGE
[23:18:17] RAPTURE: 		 Count: 1
[23:18:17] RAPTURE: 		 Stages: COMPUTE
[23:18:17] RAPTURE: ShaderCompiler: Compiled shader: /home/Thomas/dev/RaptureVK/Engine/assets/shaders/glsl/ddgi/ProbeClassification.cs.glsl
	 using macros: []
[23:18:17] RAPTURE: Compute Shader Push Constant Reflection Data:
[23:18:17] RAPTURE: Found 1 push constant block(s):
[23:18:17] RAPTURE: Push Constant Block:
[23:18:17] RAPTURE: 	 Name: pc
[23:18:17] RAPTURE: 	 Offset: 0 bytes
[23:18:17] RAPTURE: 	 Size: 4 bytes
[23:18:17] RAPTURE: 	 Stages: COMPUTE
[23:18:17] RAPTURE: Testing SPIRV-Reflect functionality for compute shader:
[23:18:17] RAPTURE: Found 3 descriptor set(s):
[23:18:17] RAPTURE: Descriptor Set 0:
[23:18:17] RAPTURE: 	 Binding 5:
[23:18:17] RAPTURE: 		 Name:
[23:18:17] RAPTURE: 		 Type: UNIFORM_BUFFER
[23:18:17] RAPTURE: 		 Count: 1
[23:18:17] RAPTURE: 		 Stages: COMPUTE
[23:18:17] RAPTURE: Descriptor Set 3:
[23:18:17] RAPTURE: 	 Binding 0:
[23:18:17] RAPTURE: 		 Name: RayData
[23:18:17] RAPTURE: 		 Type: COMBINED_IMAGE_SAMPLER
[23:18:17] RAPTURE: 		 Count: 0
[23:18:17] RAPTURE: 		 Stages: COMPUTE
[23:18:17] RAPTURE: Descriptor Set 4:
[23:18:17] RAPTURE: 	 Binding 5:
[23:18:17] RAPTURE: 		 Name: ProbeStates
[23:18:17] RAPTURE: 		 Type: STORAGE_IMAGE
[23:18:17] RAPTURE: 		 Count: 1
[23:18:17] RAPTURE: 		 Stages: COMPUTE
[23:18:17] RAPTURE: DDGI: Added probe volume UBO to descriptor set 0, binding 5
[23:18:17] RAPTURE: ShaderCompiler: Compiled shader: /home/Thomas/dev/RaptureVK/Engine/assets/shaders/glsl/FlattenDepthArray.cs.glsl
	 using macros: []
[23:18:17] RAPTURE: Compute Shader Push Constant Reflection Data:
[23:18:17] RAPTURE: Found 1 push constant block(s):
[23:18:17] RAPTURE: Push Constant Block:
[23:18:17] RAPTURE: 	 Name:
[23:18:17] RAPTURE: 	 Offset: 0 bytes
[23:18:17] RAPTURE: 	 Size: 20 bytes
[23:18:17] RAPTURE: 	 Stages: COMPUTE
[23:18:17] RAPTURE: Testing SPIRV-Reflect functionality for compute shader:
[23:18:17] RAPTURE: Found 2 descriptor set(s):
[23:18:17] RAPTURE: Descriptor Set 3:
[23:18:17] RAPTURE: 	 Binding 0:
[23:18:17] RAPTURE: 		 Name: gTextures
[23:18:17] RAPTURE: 		 Type: COMBINED_IMAGE_SAMPLER
[23:18:17] RAPTURE: 		 Count: 0
[23:18:17] RAPTURE: 		 Stages: COMPUTE
[23:18:17] RAPTURE: Descriptor Set 4:
[23:18:17] RAPTURE: 	 Binding 0:
[23:18:17] RAPTURE: 		 Name: outputTex
[23:18:17] RAPTURE: 		 Type: STORAGE_IMAGE
[23:18:17] RAPTURE: 		 Count: 1
[23:18:17] RAPTURE: 		 Stages: COMPUTE
[23:18:17] RAPTURE: TextureFlattener: Initialized shared resources (depth shader)
[23:18:17] RAPTURE: ShaderCompiler: Compiled shader: /home/Thomas/dev/RaptureVK/Engine/assets/shaders/glsl/Flatten2dArray.cs.glsl
	 using macros: [DATA_TYPE_FLOAT]
[23:18:17] RAPTURE: Compute Shader Push Constant Reflection Data:
[23:18:17] RAPTURE: Found 1 push constant block(s):
[23:18:17] RAPTURE: Push Constant Block:
[23:18:17] RAPTURE: 	 Name:
[23:18:17] RAPTURE: 	 Offset: 0 bytes
[23:18:17] RAPTURE: 	 Size: 20 bytes
[23:18:17] RAPTURE: 	 Stages: COMPUTE
[23:18:17] RAPTURE: Testing SPIRV-Reflect functionality for compute shader:
[23:18:17] RAPTURE: Found 2 descriptor set(s):
[23:18:17] RAPTURE: Descriptor Set 3:
[23:18:17] RAPTURE: 	 Binding 0:
[23:18:17] RAPTURE: 		 Name: gTextures
[23:18:17] RAPTURE: 		 Type: COMBINED_IMAGE_SAMPLER
[23:18:17] RAPTURE: 		 Count: 0
[23:18:17] RAPTURE: 		 Stages: COMPUTE
[23:18:17] RAPTURE: Descriptor Set 4:
[23:18:17] RAPTURE: 	 Binding 0:
[23:18:17] RAPTURE: 		 Name: outputTex
[23:18:17] RAPTURE: 		 Type: STORAGE_IMAGE
[23:18:17] RAPTURE: 		 Count: 1
[23:18:17] RAPTURE: 		 Stages: COMPUTE
[23:18:17] RAPTURE: TextureFlattener: Created shader and pipeline for data type 0
[23:18:17] RAPTURE: DescriptorSet: Resource usage for set 4 - Buffers: 0, Textures: 0, StorageBuffers: 0, StorageImages: 1, InputAttachments: 0, AccelStructs: 0
[23:18:17] RAPTURE: DescriptorSet: Successfully allocated resources for set 4 - Pool usage: Sets 5/1000, Buffers 17604/20000, Textures 4096/16000, StorageBuffers 5120/8000, StorageImages 1/8000, AccelStructs 8/128
[23:18:17] RAPTURE: AssetManagerEditor::registerVirtualAsset - Registered virtual Texture asset: '[DDGI] Flattened Ray Data Texture'
[23:18:17] RAPTURE: TextureFlattener: Successfully created flattened texture '[DDGI] Flattened Ray Data Texture' (256x576x12 -> 1024x1728)
[23:18:17] RAPTURE: DescriptorSet: Resource usage for set 4 - Buffers: 0, Textures: 0, StorageBuffers: 0, StorageImages: 1, InputAttachments: 0, AccelStructs: 0
[23:18:17] RAPTURE: DescriptorSet: Successfully allocated resources for set 4 - Pool usage: Sets 6/1000, Buffers 17604/20000, Textures 4096/16000, StorageBuffers 5120/8000, StorageImages 2/8000, AccelStructs 8/128
[23:18:17] RAPTURE: AssetManagerEditor::registerVirtualAsset - Registered virtual Texture asset: '[DDGI] Irradiance Flattened Texture'
[23:18:17] RAPTURE: TextureFlattener: Successfully created flattened texture '[DDGI] Irradiance Flattened Texture' (192x192x12 -> 768x576)
[23:18:17] RAPTURE: DescriptorSet: Resource usage for set 4 - Buffers: 0, Textures: 0, StorageBuffers: 0, StorageImages: 1, InputAttachments: 0, AccelStructs: 0
[23:18:17] RAPTURE: DescriptorSet: Successfully allocated resources for set 4 - Pool usage: Sets 7/1000, Buffers 17604/20000, Textures 4096/16000, StorageBuffers 5120/8000, StorageImages 3/8000, AccelStructs 8/128
[23:18:17] RAPTURE: AssetManagerEditor::registerVirtualAsset - Registered virtual Texture asset: '[DDGI] Distance Flattened Texture'
[23:18:17] RAPTURE: TextureFlattener: Successfully created flattened texture '[DDGI] Distance Flattened Texture' (384x384x12 -> 1536x1152)
[23:18:17] RAPTURE: ShaderCompiler: Compiled shader: /home/Thomas/dev/RaptureVK/Engine/assets/shaders/glsl/Flatten2dArray.cs.glsl
	 using macros: [DATA_TYPE_UINT]
[23:18:17] RAPTURE: Compute Shader Push Constant Reflection Data:
[23:18:17] RAPTURE: Found 1 push constant block(s):
[23:18:17] RAPTURE: Push Constant Block:
[23:18:17] RAPTURE: 	 Name:
[23:18:17] RAPTURE: 	 Offset: 0 bytes
[23:18:17] RAPTURE: 	 Size: 20 bytes
[23:18:17] RAPTURE: 	 Stages: COMPUTE
[23:18:17] RAPTURE: Testing SPIRV-Reflect functionality for compute shader:
[23:18:17] RAPTURE: Found 2 descriptor set(s):
[23:18:17] RAPTURE: Descriptor Set 3:
[23:18:17] RAPTURE: 	 Binding 0:
[23:18:17] RAPTURE: 		 Name: gTextures
[23:18:17] RAPTURE: 		 Type: COMBINED_IMAGE_SAMPLER
[23:18:17] RAPTURE: 		 Count: 0
[23:18:17] RAPTURE: 		 Stages: COMPUTE
[23:18:17] RAPTURE: Descriptor Set 4:
[23:18:17] RAPTURE: 	 Binding 0:
[23:18:17] RAPTURE: 		 Name: outputTex
[23:18:17] RAPTURE: 		 Type: STORAGE_IMAGE
[23:18:17] RAPTURE: 		 Count: 1
[23:18:17] RAPTURE: 		 Stages: COMPUTE
[23:18:17] RAPTURE: TextureFlattener: Created shader and pipeline for data type 2
[23:18:17] RAPTURE: DescriptorSet: Resource usage for set 4 - Buffers: 0, Textures: 0, StorageBuffers: 0, StorageImages: 1, InputAttachments: 0, AccelStructs: 0
[23:18:17] RAPTURE: DescriptorSet: Successfully allocated resources for set 4 - Pool usage: Sets 8/1000, Buffers 17604/20000, Textures 4096/16000, StorageBuffers 5120/8000, StorageImages 4/8000, AccelStructs 8/128
[23:18:17] RAPTURE: AssetManagerEditor::registerVirtualAsset - Registered virtual Texture asset: '[DDGI] Probe Classification Flattened Texture'
[23:18:17] RAPTURE: TextureFlattener: Successfully created flattened texture '[DDGI] Probe Classification Flattened Texture' (24x24x12 -> 96x72)
[23:18:17] RAPTURE: DescriptorSet: Resource usage for set 4 - Buffers: 0, Textures: 0, StorageBuffers: 0, StorageImages: 1, InputAttachments: 0, AccelStructs: 0
[23:18:17] RAPTURE: DescriptorSet: Successfully allocated resources for set 4 - Pool usage: Sets 9/1000, Buffers 17604/20000, Textures 4096/16000, StorageBuffers 5120/8000, StorageImages 5/8000, AccelStructs 8/128
[23:18:17] RAPTURE: AssetManagerEditor::registerVirtualAsset - Registered virtual Texture asset: '[DDGI] Probe Offset Flattened Texture'
[23:18:17] RAPTURE: TextureFlattener: Successfully created flattened texture '[DDGI] Probe Offset Flattened Texture' (24x24x12 -> 96x72)
[23:18:17] RAPTURE: DescriptorSet: Resource usage for set 4 - Buffers: 0, Textures: 0, StorageBuffers: 0, StorageImages: 2, InputAttachments: 0, AccelStructs: 0
[23:18:17] RAPTURE: DescriptorSet: Successfully allocated resources for set 4 - Pool usage: Sets 10/1000, Buffers 17604/20000, Textures 4096/16000, StorageBuffers 5120/8000, StorageImages 7/8000, AccelStructs 8/128
[23:18:17] RAPTURE: DescriptorSet: Resource usage for set 4 - Buffers: 0, Textures: 0, StorageBuffers: 0, StorageImages: 2, InputAttachments: 0, AccelStructs: 0
[23:18:17] RAPTURE: DescriptorSet: Successfully allocated resources for set 4 - Pool usage: Sets 11/1000, Buffers 17604/20000, Textures 4096/16000, StorageBuffers 5120/8000, StorageImages 9/8000, AccelStructs 8/128
[23:18:17] RAPTURE: DescriptorSet: Resource usage for set 4 - Buffers: 0, Textures: 0, StorageBuffers: 0, StorageImages: 1, InputAttachments: 0, AccelStructs: 0
[23:18:17] RAPTURE: DescriptorSet: Successfully allocated resources for set 4 - Pool usage: Sets 12/1000, Buffers 17604/20000, Textures 4096/16000, StorageBuffers 5120/8000, StorageImages 10/8000, AccelStructs 8/128
[23:18:17] RAPTURE: DescriptorSet: Resource usage for set 4 - Buffers: 0, Textures: 0, StorageBuffers: 0, StorageImages: 1, InputAttachments: 0, AccelStructs: 0
[23:18:17] RAPTURE: DescriptorSet: Successfully allocated resources for set 4 - Pool usage: Sets 13/1000, Buffers 17604/20000, Textures 4096/16000, StorageBuffers 5120/8000, StorageImages 11/8000, AccelStructs 8/128
[23:18:17] RAPTURE: DescriptorSet: Resource usage for set 4 - Buffers: 0, Textures: 0, StorageBuffers: 0, StorageImages: 1, InputAttachments: 0, AccelStructs: 0
[23:18:17] RAPTURE: DescriptorSet: Successfully allocated resources for set 4 - Pool usage: Sets 14/1000, Buffers 17604/20000, Textures 4096/16000, StorageBuffers 5120/8000, StorageImages 12/8000, AccelStructs 8/128
[23:18:17] RAPTURE: DDGI: Created custom descriptor sets for compute pipelines.
[23:18:17] RAPTURE: Setting up probe textures for bindless access
[23:18:17] RAPTURE: Transitioned depth texture to DEPTH_STENCIL_ATTACHMENT_OPTIMAL layout
[23:18:17] RAPTURE: Transitioned depth texture to DEPTH_STENCIL_ATTACHMENT_OPTIMAL layout
[23:18:17] RAPTURE: Transitioned depth texture to DEPTH_STENCIL_ATTACHMENT_OPTIMAL layout
[23:18:17] RAPTURE: AssetImporter::getRelatedShaderPath - Could not find related geometry shader for base path: /home/Thomas/dev/RaptureVK/Engine/assets/shaders/glsl/DeferredLighting.fs.glsl
[23:18:18] RAPTURE: ShaderCompiler: Compiled shader: /home/Thomas/dev/RaptureVK/Engine/assets/shaders/glsl/DeferredLighting.vs.glsl
	 using macros: []
[23:18:18] RAPTURE: ShaderCompiler: Compiled shader: /home/Thomas/dev/RaptureVK/Engine/assets/shaders/glsl/DeferredLighting.fs.glsl
	 using macros: []
[23:18:18] RAPTURE: Push Constant Reflection Data:
[23:18:18] RAPTURE: Found 1 push constant block(s):
[23:18:18] RAPTURE: Push Constant Block:
[23:18:18] RAPTURE: 	 Name: pc
[23:18:18] RAPTURE: 	 Offset: 0 bytes
[23:18:18] RAPTURE: 	 Size: 88 bytes
[23:18:18] RAPTURE: 	 Stages: FRAGMENT
[23:18:18] RAPTURE: Testing SPIRV-Reflect functionality:
[23:18:18] RAPTURE: Found 2 descriptor set(s):
[23:18:18] RAPTURE: Descriptor Set 0:
[23:18:18] RAPTURE: 	 Binding 1:
[23:18:18] RAPTURE: 		 Name: u_lightData
[23:18:18] RAPTURE: 		 Type: UNIFORM_BUFFER
[23:18:18] RAPTURE: 		 Count: 0
[23:18:18] RAPTURE: 		 Stages: FRAGMENT
[23:18:18] RAPTURE: 	 Binding 4:
[23:18:18] RAPTURE: 		 Name: u_shadowData
[23:18:18] RAPTURE: 		 Type: UNIFORM_BUFFER
[23:18:18] RAPTURE: 		 Count: 0
[23:18:18] RAPTURE: 		 Stages: FRAGMENT
[23:18:18] RAPTURE: 	 Binding 5:
[23:18:18] RAPTURE: 		 Name:
[23:18:18] RAPTURE: 		 Type: UNIFORM_BUFFER
[23:18:18] RAPTURE: 		 Count: 1
[23:18:18] RAPTURE: 		 Stages: FRAGMENT
[23:18:18] RAPTURE: Descriptor Set 3:
[23:18:18] RAPTURE: 	 Binding 0:
[23:18:18] RAPTURE: 		 Name: gShadowArrays
[23:18:18] RAPTURE: 		 Type: COMBINED_IMAGE_SAMPLER
[23:18:18] RAPTURE: 		 Count: 0
[23:18:18] RAPTURE: 		 Stages: FRAGMENT
[23:18:18] RAPTURE: AssetImporter::getRelatedShaderPath - Could not find related geometry shader for base path: /home/Thomas/dev/RaptureVK/Engine/assets/shaders/SPIRV/StencilBorder.vs.spv
[23:18:18] RAPTURE: Push Constant Reflection Data:
[23:18:18] RAPTURE: Found 2 push constant block(s):
[23:18:18] RAPTURE: Push Constant Block:
[23:18:18] RAPTURE: 	 Name: pc
[23:18:18] RAPTURE: 	 Offset: 0 bytes
[23:18:18] RAPTURE: 	 Size: 44 bytes
[23:18:18] RAPTURE: 	 Stages: FRAGMENT
[23:18:18] RAPTURE: Push Constant Block:
[23:18:18] RAPTURE: 	 Name: pc
[23:18:18] RAPTURE: 	 Offset: 0 bytes
[23:18:18] RAPTURE: 	 Size: 92 bytes
[23:18:18] RAPTURE: 	 Stages: VERTEX
[23:18:18] RAPTURE: Testing SPIRV-Reflect functionality:
[23:18:18] RAPTURE: Found 2 descriptor set(s):
[23:18:18] RAPTURE: Descriptor Set 0:
[23:18:18] RAPTURE: 	 Binding 0:
[23:18:18] RAPTURE: 		 Name: u_camera
[23:18:18] RAPTURE: 		 Type: UNIFORM_BUFFER
[23:18:18] RAPTURE: 		 Count: 0
[23:18:18] RAPTURE: 		 Stages: VERTEX
[23:18:18] RAPTURE: Descriptor Set 3:
[23:18:18] RAPTURE: 	 Binding 0:
[23:18:18] RAPTURE: 		 Name: u_gTextures
[23:18:18] RAPTURE: 		 Type: COMBINED_IMAGE_SAMPLER
[23:18:18] RAPTURE: 		 Count: 0
[23:18:18] RAPTURE: 		 Stages: FRAGMENT
[23:18:18] RAPTURE: AssetImporter::getRelatedShaderPath - Could not find related geometry shader for base path: /home/Thomas/dev/RaptureVK/Engine/assets/shaders/glsl/InstancedShapes.vs.glsl
[23:18:18] RAPTURE: ShaderCompiler: Compiled shader: /home/Thomas/dev/RaptureVK/Engine/assets/shaders/glsl/InstancedShapes.vs.glsl
	 using macros: []
[23:18:18] RAPTURE: ShaderCompiler: Compiled shader: /home/Thomas/dev/RaptureVK/Engine/assets/shaders/glsl/InstancedShapes.fs.glsl
	 using macros: []
[23:18:18] RAPTURE: Push Constant Reflection Data:
[23:18:18] RAPTURE: Found 1 push constant block(s):
[23:18:18] RAPTURE: Push Constant Block:
[23:18:18] RAPTURE: 	 Name: pc
[23:18:18] RAPTURE: 	 Offset: 0 bytes
[23:18:18] RAPTURE: 	 Size: 88 bytes
[23:18:18] RAPTURE: 	 Stages: VERTEX | FRAGMENT
[23:18:18] RAPTURE: Testing SPIRV-Reflect functionality:
[23:18:18] RAPTURE: Found 2 descriptor set(s):
[23:18:18] RAPTURE: Descriptor Set 0:
[23:18:18] RAPTURE: 	 Binding 0:
[23:18:18] RAPTURE: 		 Name: u_camera
[23:18:18] RAPTURE: 		 Type: UNIFORM_BUFFER
[23:18:18] RAPTURE: 		 Count: 0
[23:18:18] RAPTURE: 		 Stages: VERTEX
[23:18:18] RAPTURE: Descriptor Set 3:
[23:18:18] RAPTURE: 	 Binding 1:
[23:18:18] RAPTURE: 		 Name: instanceSSBOs
[23:18:18] RAPTURE: 		 Type: STORAGE_BUFFER
[23:18:18] RAPTURE: 		 Count: 0
[23:18:18] RAPTURE: 		 Stages: VERTEX
[23:18:18] RAPTURE: AssetImporter::getRelatedShaderPath - Could not find related geometry shader for base path: /home/Thomas/dev/RaptureVK/Engine/assets/shaders/SPIRV/SkyboxPass.vs.spv
[23:18:18] RAPTURE: Push Constant Reflection Data:
[23:18:18] RAPTURE: Found 1 push constant block(s):
[23:18:18] RAPTURE: Push Constant Block:
[23:18:18] RAPTURE: 	 Name: pc
[23:18:18] RAPTURE: 	 Offset: 0 bytes
[23:18:18] RAPTURE: 	 Size: 8 bytes
[23:18:18] RAPTURE: 	 Stages: VERTEX | FRAGMENT
[23:18:18] RAPTURE: Testing SPIRV-Reflect functionality:
[23:18:18] RAPTURE: Found 2 descriptor set(s):
[23:18:18] RAPTURE: Descriptor Set 0:
[23:18:18] RAPTURE: 	 Binding 0:
[23:18:18] RAPTURE: 		 Name: u_camera
[23:18:18] RAPTURE: 		 Type: UNIFORM_BUFFER
[23:18:18] RAPTURE: 		 Count: 0
[23:18:18] RAPTURE: 		 Stages: VERTEX
[23:18:18] RAPTURE: Descriptor Set 3:
[23:18:18] RAPTURE: 	 Binding 0:
[23:18:18] RAPTURE: 		 Name: u_gTextures
[23:18:18] RAPTURE: 		 Type: COMBINED_IMAGE_SAMPLER
[23:18:18] RAPTURE: 		 Count: 0
[23:18:18] RAPTURE: 		 Stages: FRAGMENT
[23:18:18] RAPTURE: ========== Application created ==========
[23:18:18] EDITOR: Rapture Editor starting up...
[23:18:18] EDITOR: TestLayer attached
[23:18:18] EDITOR: TestLayer::onAttach - Initial scene already active: Untitled Scene
[23:18:18] EDITOR: Loading Sponza scene from: /home/Thomas/dev/RaptureVK/assets/models/glTF2.0/Sponza/Sponza.gltf
[23:18:18] RAPTURE: glTF2Loader: Initializing loader for '/home/Thomas/dev/RaptureVK/assets/models/glTF2.0/Sponza/Sponza.gltf'
[23:18:18] RAPTURE: glTF2Loader: Initializing loader for '/home/Thomas/dev/RaptureVK/assets/models/glTF2.0/Sponza/Sponza.gltf'
[23:18:18] RAPTURE: BufferArena: Created arena 0 with size 64 MB
[23:18:18] RAPTURE: Created default white texture (1x1 RGBA8)
[23:18:18] RAPTURE: AssetManagerEditor::importDefaultAsset - Created default white texture with handle
[23:18:18] RAPTURE: BufferArena 0: Manual alignment: raw_offset=202680, aligned_offset=202704, padding=24
[23:18:18] RAPTURE: BufferArena 0: Manual alignment: raw_offset=261815, aligned_offset=261840, padding=25
[23:18:18] RAPTURE: BufferArena 0: Manual alignment: raw_offset=319499, aligned_offset=319536, padding=37
[23:18:18] RAPTURE: BufferArena 0: Manual alignment: raw_offset=325690, aligned_offset=325728, padding=38
[23:18:18] RAPTURE: BufferArena 0: Manual alignment: raw_offset=458424, aligned_offset=458448, padding=24
[23:18:18] RAPTURE: BufferArena 0: Manual alignment: raw_offset=540455, aligned_offset=540480, padding=25
[23:18:18] RAPTURE: BufferArena 0: Manual alignment: raw_offset=549238, aligned_offset=549264, padding=26
[23:18:18] RAPTURE: BufferArena 0: Manual alignment: raw_offset=702501, aligned_offset=702528, padding=27
[23:18:18] RAPTURE: BufferArena 0: Manual alignment: raw_offset=719924, aligned_offset=719952, padding=28
[23:18:18] RAPTURE: BufferArena 0: Manual alignment: raw_offset=720739, aligned_offset=720768, padding=29
[23:18:18] RAPTURE: BufferArena 0: Manual alignment: raw_offset=720882, aligned_offset=720912, padding=30
[23:18:18] RAPTURE: BufferArena 0: Manual alignment: raw_offset=810401, aligned_offset=810432, padding=31
[23:18:18] RAPTURE: BufferArena 0: Manual alignment: raw_offset=1192991, aligned_offset=1192992, padding=1
[23:18:18] RAPTURE: BufferArena 0: Manual alignment: raw_offset=1226712, aligned_offset=1226736, padding=24
[23:18:18] RAPTURE: BufferArena 0: Manual alignment: raw_offset=1236935, aligned_offset=1236960, padding=25
[23:18:18] RAPTURE: BufferArena 0: Manual alignment: raw_offset=1245767, aligned_offset=1245792, padding=25
[23:18:18] RAPTURE: BufferArena 0: Manual alignment: raw_offset=1251862, aligned_offset=1251888, padding=26
[23:18:18] RAPTURE: BufferArena 0: Manual alignment: raw_offset=1252869, aligned_offset=1252896, padding=27
[23:18:18] RAPTURE: BufferArena 0: Manual alignment: raw_offset=1258772, aligned_offset=1258800, padding=28
[23:18:18] RAPTURE: BufferArena 0: Manual alignment: raw_offset=1259491, aligned_offset=1259520, padding=29
[23:18:18] RAPTURE: BufferArena 0: Manual alignment: raw_offset=1265586, aligned_offset=1265616, padding=30
[23:18:18] RAPTURE: BufferArena 0: Manual alignment: raw_offset=1266593, aligned_offset=1266624, padding=31
[23:18:18] RAPTURE: BufferArena 0: Manual alignment: raw_offset=1286831, aligned_offset=1286832, padding=1
[23:18:18] RAPTURE: BufferArena 0: Manual alignment: raw_offset=1300463, aligned_offset=1300464, padding=1
[23:18:18] RAPTURE: BufferArena 0: Manual alignment: raw_offset=1314095, aligned_offset=1314096, padding=1
[23:18:18] RAPTURE: BufferArena 0: Manual alignment: raw_offset=1327727, aligned_offset=1327728, padding=1
[23:18:18] RAPTURE: BufferArena 0: Manual alignment: raw_offset=1341359, aligned_offset=1341360, padding=1
[23:18:18] RAPTURE: BufferArena 0: Manual alignment: raw_offset=1354991, aligned_offset=1354992, padding=1
[23:18:18] RAPTURE: BufferArena 0: Manual alignment: raw_offset=1368623, aligned_offset=1368624, padding=1
[23:18:18] RAPTURE: BufferArena 0: Manual alignment: raw_offset=1410910, aligned_offset=1410912, padding=2
[23:18:18] RAPTURE: BufferArena 0: Manual alignment: raw_offset=1413597, aligned_offset=1413600, padding=3
[23:18:18] RAPTURE: BufferArena 0: Manual alignment: raw_offset=1448303, aligned_offset=1448304, padding=1
[23:18:18] RAPTURE: BufferArena 0: Manual alignment: raw_offset=1448674, aligned_offset=1448688, padding=14
[23:18:18] RAPTURE: BufferArena 0: Manual alignment: raw_offset=1472495, aligned_offset=1472496, padding=1
[23:18:18] RAPTURE: BufferArena 0: Manual alignment: raw_offset=1473034, aligned_offset=1473072, padding=38
[23:18:18] RAPTURE: BufferArena 0: Manual alignment: raw_offset=1475385, aligned_offset=1475424, padding=39
[23:18:18] RAPTURE: BufferArena 0: Manual alignment: raw_offset=1475576, aligned_offset=1475616, padding=40
[23:18:18] RAPTURE: BufferArena 0: Manual alignment: raw_offset=1512024, aligned_offset=1512048, padding=24
[23:18:18] RAPTURE: BufferArena 0: Manual alignment: raw_offset=1516487, aligned_offset=1516512, padding=25
[23:18:18] RAPTURE: BufferArena 0: Manual alignment: raw_offset=1516834, aligned_offset=1516848, padding=14
[23:18:18] RAPTURE: BufferArena 0: Manual alignment: raw_offset=1800273, aligned_offset=1800288, padding=15
[23:18:18] RAPTURE: BufferArena 0: Manual alignment: raw_offset=1820768, aligned_offset=1820784, padding=16
[23:18:18] RAPTURE: BufferArena 0: Manual alignment: raw_offset=1825231, aligned_offset=1825248, padding=17
[23:18:18] RAPTURE: Generated 11 mip levels for texture
[23:18:18] RAPTURE: BufferArena 0: Manual alignment: raw_offset=1825578, aligned_offset=1825584, padding=6
[23:18:18] RAPTURE: BufferArena 0: Manual alignment: raw_offset=1825961, aligned_offset=1825968, padding=7
[23:18:18] RAPTURE: BufferArena 0: Manual alignment: raw_offset=1826038, aligned_offset=1826064, padding=26
[23:18:18] RAPTURE: BufferArena 0: Manual alignment: raw_offset=1913637, aligned_offset=1913664, padding=27
[23:18:18] RAPTURE: BufferArena 0: Manual alignment: raw_offset=1921844, aligned_offset=1921872, padding=28
[23:18:18] RAPTURE: BufferArena 0: Manual alignment: raw_offset=2102563, aligned_offset=2102592, padding=29
[23:18:18] RAPTURE: BufferArena 0: Manual alignment: raw_offset=2125026, aligned_offset=2125056, padding=30
[23:18:18] RAPTURE: BufferArena 0: Manual alignment: raw_offset=3230897, aligned_offset=3230928, padding=31
[23:18:18] RAPTURE: Generated 11 mip levels for texture
[23:18:18] RAPTURE: BufferArena: Created arena 1 with size 64 MB
[23:18:18] RAPTURE: BufferArena 0: Manual alignment: raw_offset=3370192, aligned_offset=3370224, padding=32
[23:18:18] RAPTURE: BufferArena 0: Manual alignment: raw_offset=3375999, aligned_offset=3376032, padding=33
[23:18:18] RAPTURE: BufferArena 0: Manual alignment: raw_offset=4606319, aligned_offset=4606320, padding=1
[23:18:18] RAPTURE: BufferArena 0: Manual alignment: raw_offset=4773142, aligned_offset=4773168, padding=26
[23:18:18] RAPTURE: BufferArena 0: Manual alignment: raw_offset=4929669, aligned_offset=4929696, padding=27
[23:18:18] RAPTURE: BufferArena 0: Manual alignment: raw_offset=4962740, aligned_offset=4962768, padding=28
[23:18:18] RAPTURE: BufferArena 0: Manual alignment: raw_offset=5119267, aligned_offset=5119296, padding=29
[23:18:18] RAPTURE: BufferArena 0: Manual alignment: raw_offset=5152338, aligned_offset=5152368, padding=30
[23:18:18] RAPTURE: BufferArena 0: Manual alignment: raw_offset=5308865, aligned_offset=5308896, padding=31
[23:18:18] RAPTURE: Generated 11 mip levels for texture
[23:18:18] RAPTURE: Generated 11 mip levels for texture
[23:18:18] RAPTURE: Generated 11 mip levels for texture
[23:18:18] RAPTURE: BufferArena 0: Manual alignment: raw_offset=8449229, aligned_offset=8449248, padding=19
[23:18:18] RAPTURE: BufferArena 0: Manual alignment: raw_offset=8450044, aligned_offset=8450064, padding=20
[23:18:18] RAPTURE: BufferArena 0: Manual alignment: raw_offset=8450139, aligned_offset=8450160, padding=21
[23:18:18] RAPTURE: BufferArena 0: Manual alignment: raw_offset=8592122, aligned_offset=8592144, padding=22
[23:18:18] RAPTURE: BufferArena 0: Manual alignment: raw_offset=8794494, aligned_offset=8794512, padding=18
[23:18:18] RAPTURE: BufferArena 0: Manual alignment: raw_offset=8795309, aligned_offset=8795328, padding=19
[23:18:18] RAPTURE: BufferArena 0: Manual alignment: raw_offset=8795404, aligned_offset=8795424, padding=20
[23:18:18] RAPTURE: BufferArena 0: Manual alignment: raw_offset=8937387, aligned_offset=8937408, padding=21
[23:18:18] RAPTURE: BufferArena 0: Manual alignment: raw_offset=8967176, aligned_offset=8967216, padding=40
[23:18:18] RAPTURE: BufferArena 0: Manual alignment: raw_offset=8995656, aligned_offset=8995680, padding=24
[23:18:18] RAPTURE: BufferArena 0: Manual alignment: raw_offset=9054791, aligned_offset=9054816, padding=25
[23:18:18] RAPTURE: BufferArena 0: Manual alignment: raw_offset=9096504, aligned_offset=9096528, padding=24
[23:18:18] RAPTURE: BufferArena 0: Manual alignment: raw_offset=9155639, aligned_offset=9155664, padding=25
[23:18:18] RAPTURE: BufferArena 0: Manual alignment: raw_offset=9197399, aligned_offset=9197424, padding=25
[23:18:18] RAPTURE: BufferArena 0: Manual alignment: raw_offset=9256534, aligned_offset=9256560, padding=26
[23:18:18] RAPTURE: Generated 11 mip levels for texture
[23:18:18] RAPTURE: BufferArena 0: Manual alignment: raw_offset=9269847, aligned_offset=9269856, padding=9
[23:18:18] RAPTURE: BufferArena 0: Manual alignment: raw_offset=9291494, aligned_offset=9291504, padding=10
[23:18:18] RAPTURE: BufferArena 0: Manual alignment: raw_offset=9366306, aligned_offset=9366336, padding=30
[23:18:18] RAPTURE: BufferArena 0: Manual alignment: raw_offset=9387953, aligned_offset=9387984, padding=31
[23:18:18] RAPTURE: BufferArena 0: Manual alignment: raw_offset=9390400, aligned_offset=9390432, padding=32
[23:18:18] RAPTURE: BufferArena 0: Manual alignment: raw_offset=9449535, aligned_offset=9449568, padding=33
[23:18:18] RAPTURE: BufferArena 0: Manual alignment: raw_offset=9462848, aligned_offset=9462864, padding=16
[23:18:18] RAPTURE: BufferArena 0: Manual alignment: raw_offset=9484495, aligned_offset=9484512, padding=17
[23:18:18] RAPTURE: BufferArena 0: Manual alignment: raw_offset=9486942, aligned_offset=9486960, padding=18
[23:18:18] RAPTURE: BufferArena 0: Manual alignment: raw_offset=9546077, aligned_offset=9546096, padding=19
[23:18:18] RAPTURE: BufferArena 0: Manual alignment: raw_offset=9559390, aligned_offset=9559392, padding=2
[23:18:18] RAPTURE: BufferArena 0: Manual alignment: raw_offset=9581037, aligned_offset=9581040, padding=3
[23:18:18] RAPTURE: Generated 11 mip levels for texture
[23:18:18] RAPTURE: Generated 11 mip levels for texture
[23:18:18] RAPTURE: BufferArena 0: Manual alignment: raw_offset=9655842, aligned_offset=9655872, padding=30
[23:18:18] RAPTURE: BufferArena 0: Manual alignment: raw_offset=9910673, aligned_offset=9910704, padding=31
[23:18:18] RAPTURE: Generated 11 mip levels for texture
[23:18:18] RAPTURE: BufferArena 0: Manual alignment: raw_offset=9965824, aligned_offset=9965856, padding=32
[23:18:18] RAPTURE: BufferArena 0: Manual alignment: raw_offset=10007439, aligned_offset=10007472, padding=33
[23:18:18] RAPTURE: BufferArena 0: Manual alignment: raw_offset=10016612, aligned_offset=10016640, padding=28
[23:18:18] RAPTURE: BufferArena 0: Manual alignment: raw_offset=10052803, aligned_offset=10052832, padding=29
[23:18:18] RAPTURE: BufferArena 0: Manual alignment: raw_offset=10061022, aligned_offset=10061040, padding=18
[23:18:18] RAPTURE: BufferArena 0: Manual alignment: raw_offset=10102637, aligned_offset=10102656, padding=19
[23:18:18] RAPTURE: BufferArena 0: Manual alignment: raw_offset=10158791, aligned_offset=10158816, padding=25
[23:18:18] RAPTURE: BufferArena 0: Manual alignment: raw_offset=10729558, aligned_offset=10729584, padding=26
[23:18:18] RAPTURE: BufferArena: Created arena 2 with size 64 MB
[23:18:18] RAPTURE: Transitioned depth texture to DEPTH_STENCIL_ATTACHMENT_OPTIMAL layout
[23:18:18] RAPTURE: AssetImporter::getRelatedShaderPath - Could not find related fragment shader for base path: /home/Thomas/dev/RaptureVK/Engine/assets/shaders/SPIRV/shadows/ShadowPass.vs.spv
[23:18:18] RAPTURE: AssetImporter::loadShader - No fragment shader found, assuming vertex only shader for: /home/Thomas/dev/RaptureVK/Engine/assets/shaders/SPIRV/shadows/ShadowPass.vs.spv
[23:18:18] RAPTURE: AssetImporter::getRelatedShaderPath - Could not find related geometry shader for base path: /home/Thomas/dev/RaptureVK/Engine/assets/shaders/SPIRV/shadows/ShadowPass.vs.spv
[23:18:18] RAPTURE: Push Constant Reflection Data:
[23:18:18] RAPTURE: Found 1 push constant block(s):
[23:18:18] RAPTURE: Push Constant Block:
[23:18:18] RAPTURE: 	 Name: pc
[23:18:18] RAPTURE: 	 Offset: 0 bytes
[23:18:18] RAPTURE: 	 Size: 128 bytes
[23:18:18] RAPTURE: 	 Stages: VERTEX
[23:18:18] RAPTURE: Testing SPIRV-Reflect functionality:
[23:18:18] RAPTURE: No descriptor sets found in shader
[23:18:18] RAPTURE: Transitioned depth texture to DEPTH_STENCIL_ATTACHMENT_OPTIMAL layout
[23:18:18] RAPTURE: AssetImporter::getRelatedShaderPath - Could not find related fragment shader for base path: /home/Thomas/dev/RaptureVK/Engine/assets/shaders/SPIRV/shadows/CascadedShadowPass.vs.spv
[23:18:18] RAPTURE: AssetImporter::loadShader - No fragment shader found, assuming vertex only shader for: /home/Thomas/dev/RaptureVK/Engine/assets/shaders/SPIRV/shadows/CascadedShadowPass.vs.spv
[23:18:18] RAPTURE: AssetImporter::getRelatedShaderPath - Could not find related geometry shader for base path: /home/Thomas/dev/RaptureVK/Engine/assets/shaders/SPIRV/shadows/CascadedShadowPass.vs.spv
[23:18:18] RAPTURE: Push Constant Reflection Data:
[23:18:18] RAPTURE: Found 1 push constant block(s):
[23:18:18] RAPTURE: Push Constant Block:
[23:18:18] RAPTURE: 	 Name: pc
[23:18:18] RAPTURE: 	 Offset: 0 bytes
[23:18:18] RAPTURE: 	 Size: 8 bytes
[23:18:18] RAPTURE: 	 Stages: VERTEX
[23:18:18] RAPTURE: Testing SPIRV-Reflect functionality:
[23:18:18] RAPTURE: Found 2 descriptor set(s):
[23:18:18] RAPTURE: Descriptor Set 0:
[23:18:18] RAPTURE: 	 Binding 3:
[23:18:18] RAPTURE: 		 Name: u_cascades
[23:18:18] RAPTURE: 		 Type: UNIFORM_BUFFER
[23:18:18] RAPTURE: 		 Count: 0
[23:18:18] RAPTURE: 		 Stages: VERTEX
[23:18:18] RAPTURE: 	 Binding 6:
[23:18:18] RAPTURE: 		 Name: u_batchInfo
[23:18:18] RAPTURE: 		 Type: STORAGE_BUFFER
[23:18:18] RAPTURE: 		 Count: 0
[23:18:18] RAPTURE: 		 Stages: VERTEX
[23:18:18] RAPTURE: Descriptor Set 2:
[23:18:18] RAPTURE: 	 Binding 0:
[23:18:18] RAPTURE: 		 Name: u_meshData
[23:18:18] RAPTURE: 		 Type: UNIFORM_BUFFER
[23:18:18] RAPTURE: 		 Count: 0
[23:18:18] RAPTURE: 		 Stages: VERTEX
[23:18:18] RAPTURE: DescriptorSet: Resource usage for set 4 - Buffers: 0, Textures: 0, StorageBuffers: 0, StorageImages: 1, InputAttachments: 0, AccelStructs: 0
[23:18:18] RAPTURE: DescriptorSet: Successfully allocated resources for set 4 - Pool usage: Sets 15/1000, Buffers 17604/20000, Textures 4096/16000, StorageBuffers 5120/8000, StorageImages 13/8000, AccelStructs 8/128
[23:18:18] RAPTURE: AssetManagerEditor::registerVirtualAsset - Registered virtual Texture asset: '[CSM] Flattened Shadow Map Array'
[23:18:18] RAPTURE: TextureFlattener: Successfully created flattened texture '[CSM] Flattened Shadow Map Array' (2048x2048x4 -> 4096x4096)
[23:18:18] RAPTURE: TLAS: Acceleration structure created successfully
[23:18:18] RAPTURE: TLAS: Acceleration structure built successfully with 103 instances
[23:18:18] RAPTURE: TLAS: Registered with descriptor manager at bindless index 0
[23:18:18] EDITOR: Scene setup complete for: Untitled Scene
[23:18:18] EDITOR: Attaching ImGuiLayer...
[23:18:18] EDITOR: Starting application
[23:18:18] EDITOR: FPS: 0.4
[23:18:18] RAPTURE: Generated 11 mip levels for texture
[23:18:18] RAPTURE: Generated 11 mip levels for texture
[23:18:18] RAPTURE: Generated 11 mip levels for texture
[23:18:18] RAPTURE: Generated 11 mip levels for texture
[23:18:18] RAPTURE: Generated 11 mip levels for texture
[23:18:18] RAPTURE: Generated 11 mip levels for texture
[23:18:18] RAPTURE: Generated 11 mip levels for texture
[23:18:18] RAPTURE: Generated 11 mip levels for texture
[23:18:18] RAPTURE: Generated 11 mip levels for texture
[23:18:18] RAPTURE: Generated 11 mip levels for texture
[23:18:18] RAPTURE: Generated 11 mip levels for texture
[23:18:18] RAPTURE: Generated 11 mip levels for texture
[23:18:18] RAPTURE: Generated 11 mip levels for texture
[23:18:18] RAPTURE: Generated 11 mip levels for texture
[23:18:18] RAPTURE: Generated 11 mip levels for texture
[23:18:18] RAPTURE: Generated 11 mip levels for texture
[23:18:18] RAPTURE: Generated 11 mip levels for texture
[23:18:18] RAPTURE: Generated 11 mip levels for texture
[23:18:18] RAPTURE: Generated 11 mip levels for texture
[23:18:18] RAPTURE: Generated 11 mip levels for texture
[23:18:18] RAPTURE: Generated 11 mip levels for texture
[23:18:18] RAPTURE: Generated 11 mip levels for texture
[23:18:18] RAPTURE: Generated 11 mip levels for texture
[23:18:18] RAPTURE: Generated 11 mip levels for texture
[23:18:18] RAPTURE: Generated 3 mip levels for texture
[23:18:18] RAPTURE: Generated 11 mip levels for texture
[23:18:18] RAPTURE: Generated 11 mip levels for texture
[23:18:18] RAPTURE: Generated 11 mip levels for texture
[23:18:18] RAPTURE: Generated 11 mip levels for texture
[23:18:18] RAPTURE: Window focused
[23:18:18] RAPTURE: Window resized to 471x530
[23:18:18] RAPTURE: Resizing SceneRenderTarget: 480x540 -> 12x54
[23:18:18] RAPTURE: Transitioned depth texture to DEPTH_STENCIL_ATTACHMENT_OPTIMAL layout
[23:18:18] RAPTURE: Transitioned depth texture to DEPTH_STENCIL_ATTACHMENT_OPTIMAL layout
[23:18:18] RAPTURE: Transitioned depth texture to DEPTH_STENCIL_ATTACHMENT_OPTIMAL layout
[23:18:18] RAPTURE: Resized render target to 12x54
[23:18:18] RAPTURE: Generated 11 mip levels for texture
[23:18:18] RAPTURE: validation layer: vkCmdDrawIndexed(): the sampler descriptor [VkDescriptorSet 0x6150000000615, Set 0, Binding 0, Index 0, variable "sTexture"] is using sampler VkSampler 0x990000000099 that is invalid or has been destroyed.
The Vulkan spec states: Descriptors in each bound descriptor set, specified via vkCmdBindDescriptorSets, must be valid as described by descriptor validity if they are statically used by the VkPipeline bound to the pipeline bind point used by this command and the bound VkPipeline was not created with VK_PIPELINE_CREATE_DESCRIPTOR_BUFFER_BIT_EXT (https://docs.vulkan.org/spec/latest/chapters/drawing.html#VUID-vkCmdDrawIndexed-None-08114)
[23:18:18] RAPTURE: validation layer: vkCmdDrawIndexed(): the sampler descriptor [VkDescriptorSet 0x6170000000617, Set 0, Binding 0, Index 0, variable "sTexture"] is using sampler VkSampler 0xa100000000a1 that is invalid or has been destroyed.
The Vulkan spec states: Descriptors in each bound descriptor set, specified via vkCmdBindDescriptorSets, must be valid as described by descriptor validity if they are statically used by the VkPipeline bound to the pipeline bind point used by this command and the bound VkPipeline was not created with VK_PIPELINE_CREATE_DESCRIPTOR_BUFFER_BIT_EXT (https://docs.vulkan.org/spec/latest/chapters/drawing.html#VUID-vkCmdDrawIndexed-None-08114)
[23:18:18] RAPTURE: validation layer: vkCmdDrawIndexed(): the sampler descriptor [VkDescriptorSet 0x6190000000619, Set 0, Binding 0, Index 0, variable "sTexture"] is using sampler VkSampler 0xa700000000a7 that is invalid or has been destroyed.
The Vulkan spec states: Descriptors in each bound descriptor set, specified via vkCmdBindDescriptorSets, must be valid as described by descriptor validity if they are statically used by the VkPipeline bound to the pipeline bind point used by this command and the bound VkPipeline was not created with VK_PIPELINE_CREATE_DESCRIPTOR_BUFFER_BIT_EXT (https://docs.vulkan.org/spec/latest/chapters/drawing.html#VUID-vkCmdDrawIndexed-None-08114)
[23:18:18] RAPTURE: validation layer: vkCmdDrawIndexed(): the sampler descriptor [VkDescriptorSet 0x6160000000616, Set 0, Binding 0, Index 0, variable "sTexture"] is using sampler VkSampler 0x9d000000009d that is invalid or has been destroyed.
The Vulkan spec states: Descriptors in each bound descriptor set, specified via vkCmdBindDescriptorSets, must be valid as described by descriptor validity if they are statically used by the VkPipeline bound to the pipeline bind point used by this command and the bound VkPipeline was not created with VK_PIPELINE_CREATE_DESCRIPTOR_BUFFER_BIT_EXT (https://docs.vulkan.org/spec/latest/chapters/drawing.html#VUID-vkCmdDrawIndexed-None-08114)
[23:18:18] RAPTURE: validation layer: vkCmdDrawIndexed(): the sampler descriptor [VkDescriptorSet 0x6180000000618, Set 0, Binding 0, Index 0, variable "sTexture"] is using sampler VkSampler 0xa400000000a4 that is invalid or has been destroyed.
The Vulkan spec states: Descriptors in each bound descriptor set, specified via vkCmdBindDescriptorSets, must be valid as described by descriptor validity if they are statically used by the VkPipeline bound to the pipeline bind point used by this command and the bound VkPipeline was not created with VK_PIPELINE_CREATE_DESCRIPTOR_BUFFER_BIT_EXT (https://docs.vulkan.org/spec/latest/chapters/drawing.html#VUID-vkCmdDrawIndexed-None-08114)
[23:18:18] RAPTURE: validation layer: vkCmdDrawIndexed(): the sampler descriptor [VkDescriptorSet 0x61a000000061a, Set 0, Binding 0, Index 0, variable "sTexture"] is using sampler VkSampler 0xa700000000a7 that is invalid or has been destroyed.
The Vulkan spec states: Descriptors in each bound descriptor set, specified via vkCmdBindDescriptorSets, must be valid as described by descriptor validity if they are statically used by the VkPipeline bound to the pipeline bind point used by this command and the bound VkPipeline was not created with VK_PIPELINE_CREATE_DESCRIPTOR_BUFFER_BIT_EXT (https://docs.vulkan.org/spec/latest/chapters/drawing.html#VUID-vkCmdDrawIndexed-None-08114)
[23:18:18] RAPTURE: validation layer: vkQueueSubmit(): THREADING ERROR : object of type VkQueue is simultaneously used in current thread 140330422449856 and thread 140333257605504
[23:18:23] RAPTURE: validation layer: vkFreeCommandBuffers(): pCommandBuffers[0] (VkCommandBuffer 0x7fa184004420) is in use.
The Vulkan spec states: All elements of pCommandBuffers must not be in the pending state (https://docs.vulkan.org/spec/latest/chapters/cmdbuffers.html#VUID-vkFreeCommandBuffers-pCommandBuffers-00047)
[23:18:23] RAPTURE: VulkanQueue::submitQueue - failed to submit draw command buffer!
terminate called after throwing an instance of 'std::runtime_error'
  what():  VulkanQueue::submitQueue - failed to submit draw command buffer!
Aborted                    (core dumped) ./'Rapture Editor'
